<?xml version="1.0" encoding="UTF-8"?>
<testsuite name="com.dev.demo.DemoApplicationTests" tests="1" skipped="0" failures="0" errors="0" timestamp="2024-09-03T02:07:53" hostname="rupeshdangi.local" time="1.549">
  <properties/>
  <testcase name="contextLoads()" classname="com.dev.demo.DemoApplicationTests" time="1.549"/>
  <system-out><![CDATA[07:52:49.096 [Test worker] INFO org.springframework.test.context.support.AnnotationConfigContextLoaderUtils -- Could not detect default configuration classes for test class [com.dev.demo.DemoApplicationTests]: DemoApplicationTests does not declare any static, non-private, non-final, nested classes annotated with @Configuration.
07:52:49.315 [Test worker] INFO org.springframework.boot.test.context.SpringBootTestContextBootstrapper -- Found @SpringBootConfiguration com.dev.demo.DemoApplication for test class com.dev.demo.DemoApplicationTests

  .   ____          _            __ _ _
 /\\ / ___'_ __ _ _(_)_ __  __ _ \ \ \ \
( ( )\___ | '_ | '_| | '_ \/ _` | \ \ \ \
 \\/  ___)| |_)| | | | | || (_| |  ) ) ) )
  '  |____| .__|_| |_|_| |_\__, | / / / /
 =========|_|==============|___/=/_/_/_/

 :: Spring Boot ::                (v3.3.3)

2024-09-03T07:52:50.132+05:45  INFO 65738 --- [demo] [    Test worker] com.dev.demo.DemoApplicationTests        : Starting DemoApplicationTests using Java 17.0.9 with PID 65738 (started by rupeshdangi in /Users/rupeshdangi/Downloads/demo_2)
2024-09-03T07:52:50.134+05:45  INFO 65738 --- [demo] [    Test worker] com.dev.demo.DemoApplicationTests        : No active profile set, falling back to 1 default profile: "default"
2024-09-03T07:52:53.083+05:45  INFO 65738 --- [demo] [    Test worker] com.dev.demo.DemoApplicationTests        : Started DemoApplicationTests in 3.506 seconds (process running for 6.086)
]]></system-out>
  <system-err><![CDATA[]]></system-err>
</testsuite>
